NOTE: PROCEDURE PRINTTO used (Total process time):
      real time           0.00 seconds
      cpu time            0.01 seconds
      


NOTE: There were 8 observations read from the data set CLASSDAT.STARWARS.
      WHERE (species='Human') and (homeworld='Tatooine');
NOTE: The data set WORK.TMP2 has 8 observations and 11 variables.
NOTE: DATA statement used (Total process time):
      real time           0.00 seconds
      cpu time            0.00 seconds
      


NOTE: AUTOEXEC processing completed.

1          OPTIONS NONUMBER NODATE PAGESIZE = MAX FORMCHAR =
1        ! '|----|+|---+=|-/<>*' FORMDLIM=' ';title;
2          ods noproctitle;
3          ods listing close;
4          ods graphics /imagename=' sas-filter-sql-intro ' ;
5          ods html gpath=' image// ' file=' sas311513f59abc5.html '
5        ! (no_top_matter no_bottom_matter) style=journal;
NOTE: Writing HTML Body file:  sas311513f59abc5.html 
6          libname classdat "sas/";
NOTE: Libref CLASSDAT was successfully assigned as follows: 
      Engine:        V9 
      Physical Name: 
      /home/susan/Projects/Class/unl-stat850/stat850-textbook/sas
7          
8          PROC SQL;
9          SELECT pokedex_number, name, type_1, type_number FROM
9        ! classdat.poke (obs=5)
10         WHERE type_1 = "Water";
NOTE: PROCEDURE SQL used (Total process time):
      real time           0.00 seconds
      cpu time            0.00 seconds
      

