NOTE: PROCEDURE PRINTTO used (Total process time):
      real time           0.00 seconds
      cpu time            0.00 seconds
      


NOTE: There were 35 observations read from the data set CLASSDAT.STARWARS.
      WHERE species='Human';
NOTE: The data set WORK.TMP1 has 35 observations and 11 variables.
NOTE: DATA statement used (Total process time):
      real time           0.00 seconds
      cpu time            0.00 seconds
      


NOTE: AUTOEXEC processing completed.

1          OPTIONS NONUMBER NODATE PAGESIZE = MAX FORMCHAR =
1        ! '|----|+|---+=|-/<>*' FORMDLIM=' ';title;
2          ods noproctitle;
3          ods listing close;
4          ods graphics /imagename=' sas-filter2 ' ;
5          ods html gpath=' image// ' file=' sas2f8273fd25b52.html '
5        ! (no_top_matter no_bottom_matter) style=journal;
NOTE: Writing HTML Body file:  sas2f8273fd25b52.html 
6          libname classdat "sas/";
NOTE: Libref CLASSDAT was successfully assigned as follows: 
      Engine:        V9 
      Physical Name: 
      /home/susan/Projects/Class/unl-stat850/stat850-textbook/sas
7          
8          proc printto log="other/05-filter-2.log" new; /* shows output
8        ! log in bookdown */

